<?xml version="1.0" encoding="UTF-8"?>
<coverage generated="1746819496667" clover="3.2.0">
  <project timestamp="1746819496668" name="All files">
    <metrics statements="36" coveredstatements="32" conditionals="8" coveredconditionals="5" methods="20" coveredmethods="18" elements="64" coveredelements="55" complexity="0" loc="36" ncloc="36" packages="1" files="3" classes="3"/>
    <file name="Invitacion.js" path="F:\Repositorio\Express.js-API-and-Postman-Tests-1\backend\models\Invitacion.js">
      <metrics statements="14" coveredstatements="10" conditionals="5" coveredconditionals="3" methods="7" coveredmethods="5"/>
      <line num="1" count="1" type="stmt"/>
      <line num="6" count="3" type="stmt"/>
      <line num="7" count="3" type="stmt"/>
      <line num="11" count="1" type="stmt"/>
      <line num="15" count="3" type="stmt"/>
      <line num="19" count="0" type="stmt"/>
      <line num="23" count="1" type="cond" truecount="1" falsecount="1"/>
      <line num="24" count="0" type="stmt"/>
      <line num="26" count="1" type="stmt"/>
      <line num="30" count="1" type="cond" truecount="1" falsecount="1"/>
      <line num="31" count="0" type="stmt"/>
      <line num="33" count="1" type="stmt"/>
      <line num="37" count="0" type="stmt"/>
      <line num="44" count="1" type="stmt"/>
    </file>
    <file name="Mesa.js" path="F:\Repositorio\Express.js-API-and-Postman-Tests-1\backend\models\Mesa.js">
      <metrics statements="16" coveredstatements="16" conditionals="3" coveredconditionals="2" methods="9" coveredmethods="9"/>
      <line num="4" count="7" type="stmt"/>
      <line num="5" count="7" type="stmt"/>
      <line num="6" count="7" type="stmt"/>
      <line num="7" count="7" type="stmt"/>
      <line num="8" count="7" type="stmt"/>
      <line num="9" count="7" type="stmt"/>
      <line num="13" count="1" type="stmt"/>
      <line num="17" count="1" type="stmt"/>
      <line num="21" count="2" type="stmt"/>
      <line num="25" count="2" type="stmt"/>
      <line num="29" count="2" type="stmt"/>
      <line num="33" count="4" type="stmt"/>
      <line num="37" count="2" type="cond" truecount="2" falsecount="0"/>
      <line num="38" count="1" type="stmt"/>
      <line num="43" count="1" type="stmt"/>
      <line num="54" count="2" type="stmt"/>
    </file>
    <file name="Profesor.js" path="F:\Repositorio\Express.js-API-and-Postman-Tests-1\backend\models\Profesor.js">
      <metrics statements="6" coveredstatements="6" conditionals="0" coveredconditionals="0" methods="4" coveredmethods="4"/>
      <line num="4" count="16" type="stmt"/>
      <line num="5" count="16" type="stmt"/>
      <line num="9" count="1" type="stmt"/>
      <line num="13" count="1" type="stmt"/>
      <line num="17" count="1" type="stmt"/>
      <line num="24" count="3" type="stmt"/>
    </file>
  </project>
</coverage>
