TN:
SF:backend\app.js
FN:20,(anonymous_0)
FN:25,(anonymous_1)
FN:33,(anonymous_2)
FN:35,(anonymous_3)
FN:42,(anonymous_4)
FN:47,(anonymous_5)
FN:52,(anonymous_6)
FN:55,(anonymous_7)
FN:65,(anonymous_8)
FN:70,(anonymous_9)
FN:72,(anonymous_10)
FN:79,(anonymous_11)
FN:82,(anonymous_12)
FN:107,(anonymous_13)
FN:110,(anonymous_14)
FN:129,(anonymous_15)
FN:134,(anonymous_16)
FN:140,(anonymous_17)
FNF:18
FNH:0
FNDA:0,(anonymous_0)
FNDA:0,(anonymous_1)
FNDA:0,(anonymous_2)
FNDA:0,(anonymous_3)
FNDA:0,(anonymous_4)
FNDA:0,(anonymous_5)
FNDA:0,(anonymous_6)
FNDA:0,(anonymous_7)
FNDA:0,(anonymous_8)
FNDA:0,(anonymous_9)
FNDA:0,(anonymous_10)
FNDA:0,(anonymous_11)
FNDA:0,(anonymous_12)
FNDA:0,(anonymous_13)
FNDA:0,(anonymous_14)
FNDA:0,(anonymous_15)
FNDA:0,(anonymous_16)
FNDA:0,(anonymous_17)
DA:1,1
DA:2,1
DA:3,1
DA:4,1
DA:6,1
DA:7,1
DA:8,1
DA:9,1
DA:10,1
DA:12,1
DA:14,1
DA:15,1
DA:17,1
DA:20,1
DA:21,0
DA:25,1
DA:26,0
DA:27,0
DA:28,0
DA:29,0
DA:33,1
DA:34,0
DA:35,0
DA:36,0
DA:38,0
DA:42,1
DA:43,0
DA:47,1
DA:48,0
DA:52,1
DA:53,0
DA:54,0
DA:55,0
DA:57,0
DA:58,0
DA:60,0
DA:65,1
DA:66,0
DA:70,1
DA:71,0
DA:72,0
DA:73,0
DA:75,0
DA:79,1
DA:80,0
DA:82,0
DA:83,0
DA:87,0
DA:88,0
DA:91,0
DA:92,0
DA:94,0
DA:95,0
DA:96,0
DA:99,0
DA:101,0
DA:107,1
DA:108,0
DA:110,0
DA:111,0
DA:115,0
DA:116,0
DA:119,0
DA:120,0
DA:121,0
DA:123,0
DA:129,1
DA:130,0
DA:134,1
DA:135,0
DA:138,1
DA:139,0
DA:140,0
DA:141,0
LF:74
LH:26
BRDA:28,0,0,0
BRDA:28,0,1,0
BRDA:36,1,0,0
BRDA:36,1,1,0
BRDA:57,2,0,0
BRDA:57,2,1,0
BRDA:73,3,0,0
BRDA:73,3,1,0
BRDA:83,4,0,0
BRDA:83,4,1,0
BRDA:83,4,2,0
BRDA:87,5,0,0
BRDA:87,5,1,0
BRDA:94,6,0,0
BRDA:94,6,1,0
BRDA:111,7,0,0
BRDA:111,7,1,0
BRDA:111,7,2,0
BRDA:115,8,0,0
BRDA:115,8,1,0
BRDA:138,9,0,0
BRDA:138,9,1,1
BRF:22
BRH:1
end_of_record
TN:
SF:backend\data\invitaciones.js
FNF:0
FNH:0
DA:2,1
DA:3,1
DA:4,1
DA:7,1
DA:8,1
DA:11,1
DA:12,1
DA:13,1
DA:14,1
DA:17,1
DA:26,1
LF:11
LH:11
BRF:0
BRH:0
end_of_record
TN:
SF:backend\data\mesas.js
FNF:0
FNH:0
DA:2,1
DA:3,1
DA:6,1
DA:7,1
DA:9,1
DA:14,1
LF:6
LH:6
BRF:0
BRH:0
end_of_record
TN:
SF:backend\data\profesores.js
FNF:0
FNH:0
DA:2,1
DA:4,1
DA:5,1
DA:7,1
DA:12,1
LF:5
LH:5
BRF:0
BRH:0
end_of_record
TN:
SF:backend\models\Invitacion.js
FN:3,(anonymous_0)
FN:13,(anonymous_1)
FN:17,(anonymous_2)
FN:21,(anonymous_3)
FN:25,(anonymous_4)
FN:29,(anonymous_5)
FN:36,(anonymous_6)
FN:44,(anonymous_7)
FNF:8
FNH:8
FNDA:11,(anonymous_0)
FNDA:3,(anonymous_1)
FNDA:4,(anonymous_2)
FNDA:3,(anonymous_3)
FNDA:3,(anonymous_4)
FNDA:4,(anonymous_5)
FNDA:4,(anonymous_6)
FNDA:2,(anonymous_7)
DA:4,11
DA:5,11
DA:9,11
DA:10,11
DA:14,3
DA:19,4
DA:20,4
DA:21,3
DA:22,2
DA:26,3
DA:30,4
DA:31,1
DA:33,3
DA:37,4
DA:38,1
DA:40,3
DA:45,2
DA:52,2
LF:18
LH:18
BRDA:3,0,0,7
BRDA:20,1,0,2
BRDA:20,1,1,2
BRDA:21,2,0,0
BRDA:21,2,1,2
BRDA:30,3,0,1
BRDA:30,3,1,3
BRDA:37,4,0,1
BRDA:37,4,1,3
BRF:9
BRH:8
end_of_record
TN:
SF:backend\models\Mesa.js
FN:3,(anonymous_0)
FN:12,(anonymous_1)
FN:16,(anonymous_2)
FN:20,(anonymous_3)
FN:24,(anonymous_4)
FN:28,(anonymous_5)
FN:32,(anonymous_6)
FN:36,(anonymous_7)
FN:42,(anonymous_8)
FNF:9
FNH:9
FNDA:17,(anonymous_0)
FNDA:1,(anonymous_1)
FNDA:1,(anonymous_2)
FNDA:13,(anonymous_3)
FNDA:13,(anonymous_4)
FNDA:2,(anonymous_5)
FNDA:4,(anonymous_6)
FNDA:2,(anonymous_7)
FNDA:1,(anonymous_8)
DA:4,17
DA:5,17
DA:6,17
DA:7,17
DA:8,17
DA:9,17
DA:13,1
DA:17,1
DA:21,13
DA:25,13
DA:29,2
DA:33,4
DA:37,2
DA:38,1
DA:43,1
DA:54,3
LF:16
LH:16
BRDA:3,0,0,0
BRDA:37,1,0,1
BRDA:37,1,1,1
BRF:3
BRH:2
end_of_record
TN:
SF:backend\models\Notificador.js
FN:5,(anonymous_0)
FN:11,(anonymous_1)
FN:15,(anonymous_2)
FN:25,(anonymous_3)
FN:40,(anonymous_4)
FN:44,(anonymous_5)
FN:45,(anonymous_6)
FNF:7
FNH:1
FNDA:1,(anonymous_0)
FNDA:0,(anonymous_1)
FNDA:0,(anonymous_2)
FNDA:0,(anonymous_3)
FNDA:0,(anonymous_4)
FNDA:0,(anonymous_5)
FNDA:0,(anonymous_6)
DA:2,1
DA:6,1
DA:7,1
DA:8,1
DA:12,0
DA:16,0
DA:19,0
DA:22,0
DA:26,0
DA:36,0
DA:37,0
DA:41,0
DA:45,0
DA:49,1
LF:14
LH:5
BRF:0
BRH:0
end_of_record
TN:
SF:backend\models\Profesor.js
FN:3,(anonymous_0)
FN:8,(anonymous_1)
FN:12,(anonymous_2)
FN:16,(anonymous_3)
FNF:4
FNH:4
FNDA:30,(anonymous_0)
FNDA:23,(anonymous_1)
FNDA:1,(anonymous_2)
FNDA:1,(anonymous_3)
DA:4,30
DA:5,30
DA:9,23
DA:13,1
DA:17,1
DA:24,4
LF:6
LH:6
BRF:0
BRH:0
end_of_record
TN:
SF:backend\service\ConsolaStrategyNotification.js
FN:4,(anonymous_0)
FNF:1
FNH:0
FNDA:0,(anonymous_0)
DA:1,1
DA:5,0
DA:11,0
DA:12,0
DA:13,0
DA:14,0
DA:15,0
DA:16,0
DA:17,0
DA:21,1
LF:10
LH:2
BRF:0
BRH:0
end_of_record
TN:
SF:backend\service\StateInvitacion.js
FN:2,(anonymous_0)
FN:6,(anonymous_1)
FN:12,(anonymous_2)
FN:16,(anonymous_3)
FN:24,obtenerEstadoInstancia
FNF:5
FNH:0
FNDA:0,(anonymous_0)
FNDA:0,(anonymous_1)
FNDA:0,(anonymous_2)
FNDA:0,(anonymous_3)
FNDA:0,obtenerEstadoInstancia
DA:3,0
DA:7,0
DA:13,0
DA:17,0
DA:25,0
DA:26,0
DA:27,0
DA:28,0
DA:29,0
DA:33,1
LF:10
LH:1
BRDA:25,0,0,0
BRDA:25,0,1,0
BRDA:25,0,2,0
BRDA:25,0,3,0
BRF:4
BRH:0
end_of_record
TN:
SF:backend\service\StrategyNotification.js
FN:3,(anonymous_0)
FNF:1
FNH:0
FNDA:0,(anonymous_0)
DA:4,0
DA:8,1
LF:2
LH:1
BRF:0
BRH:0
end_of_record
